2017-11-13 11:47:18 DEBUG StandardEnvironment:112 - Initializing new StandardEnvironment
2017-11-13 11:47:18 DEBUG StandardEnvironment:107 - Adding [systemProperties] PropertySource with lowest search precedence
2017-11-13 11:47:18 DEBUG StandardEnvironment:107 - Adding [systemEnvironment] PropertySource with lowest search precedence
2017-11-13 11:47:18 DEBUG StandardEnvironment:116 - Initialized StandardEnvironment with PropertySources [systemProperties,systemEnvironment]
2017-11-13 11:47:18 INFO  ClassPathXmlApplicationContext:510 - Refreshing org.springframework.context.support.ClassPathXmlApplicationContext@5e265ba4: startup date [Mon Nov 13 11:47:18 WET 2017]; root of context hierarchy
2017-11-13 11:47:18 DEBUG StandardEnvironment:112 - Initializing new StandardEnvironment
2017-11-13 11:47:18 DEBUG StandardEnvironment:107 - Adding [systemProperties] PropertySource with lowest search precedence
2017-11-13 11:47:18 DEBUG StandardEnvironment:107 - Adding [systemEnvironment] PropertySource with lowest search precedence
2017-11-13 11:47:18 DEBUG StandardEnvironment:116 - Initialized StandardEnvironment with PropertySources [systemProperties,systemEnvironment]
2017-11-13 11:47:18 INFO  XmlBeanDefinitionReader:315 - Loading XML bean definitions from class path resource [ApplicationConext.xml]
2017-11-13 11:47:18 DEBUG DefaultDocumentLoader:72 - Using JAXP provider [com.sun.org.apache.xerces.internal.jaxp.DocumentBuilderFactoryImpl]
2017-11-13 11:47:18 DEBUG PluggableSchemaResolver:140 - Loading schema mappings from [META-INF/spring.schemas]
2017-11-13 11:47:18 DEBUG PluggableSchemaResolver:146 - Loaded schema mappings: {http://www.springframework.org/schema/oxm/spring-oxm-3.0.xsd=org/springframework/oxm/config/spring-oxm-3.0.xsd, http://www.springframework.org/schema/jee/spring-jee-3.2.xsd=org/springframework/ejb/config/spring-jee-3.2.xsd, http://www.springframework.org/schema/util/spring-util.xsd=org/springframework/beans/factory/xml/spring-util-3.2.xsd, http://www.springframework.org/schema/jms/spring-jms-3.0.xsd=org/springframework/jms/config/spring-jms-3.0.xsd, http://www.springframework.org/schema/mvc/spring-mvc-3.1.xsd=org/springframework/web/servlet/config/spring-mvc-3.1.xsd, http://www.springframework.org/schema/task/spring-task.xsd=org/springframework/scheduling/config/spring-task-3.2.xsd, http://www.springframework.org/schema/beans/spring-beans-3.1.xsd=org/springframework/beans/factory/xml/spring-beans-3.1.xsd, http://www.springframework.org/schema/cache/spring-cache.xsd=org/springframework/cache/config/spring-cache-3.2.xsd, http://www.springframework.org/schema/aop/spring-aop-3.0.xsd=org/springframework/aop/config/spring-aop-3.0.xsd, http://www.springframework.org/schema/task/spring-task-3.1.xsd=org/springframework/scheduling/config/spring-task-3.1.xsd, http://www.springframework.org/schema/aop/spring-aop-2.0.xsd=org/springframework/aop/config/spring-aop-2.0.xsd, http://www.springframework.org/schema/oxm/spring-oxm.xsd=org/springframework/oxm/config/spring-oxm-3.2.xsd, http://www.springframework.org/schema/tool/spring-tool-2.5.xsd=org/springframework/beans/factory/xml/spring-tool-2.5.xsd, http://www.springframework.org/schema/beans/spring-beans.xsd=org/springframework/beans/factory/xml/spring-beans-3.2.xsd, http://www.springframework.org/schema/jee/spring-jee-2.5.xsd=org/springframework/ejb/config/spring-jee-2.5.xsd, http://www.springframework.org/schema/jdbc/spring-jdbc-3.1.xsd=org/springframework/jdbc/config/spring-jdbc-3.1.xsd, http://www.springframework.org/schema/tool/spring-tool-3.1.xsd=org/springframework/beans/factory/xml/spring-tool-3.1.xsd, http://www.springframework.org/schema/jee/spring-jee-3.1.xsd=org/springframework/ejb/config/spring-jee-3.1.xsd, http://www.springframework.org/schema/aop/spring-aop.xsd=org/springframework/aop/config/spring-aop-3.2.xsd, http://www.springframework.org/schema/tx/spring-tx-3.2.xsd=org/springframework/transaction/config/spring-tx-3.2.xsd, http://www.springframework.org/schema/context/spring-context-3.2.xsd=org/springframework/context/config/spring-context-3.2.xsd, http://www.springframework.org/schema/beans/spring-beans-2.0.xsd=org/springframework/beans/factory/xml/spring-beans-2.0.xsd, http://www.springframework.org/schema/util/spring-util-3.2.xsd=org/springframework/beans/factory/xml/spring-util-3.2.xsd, http://www.springframework.org/schema/lang/spring-lang-3.2.xsd=org/springframework/scripting/config/spring-lang-3.2.xsd, http://www.springframework.org/schema/mvc/spring-mvc-3.0.xsd=org/springframework/web/servlet/config/spring-mvc-3.0.xsd, http://www.springframework.org/schema/beans/spring-beans-3.0.xsd=org/springframework/beans/factory/xml/spring-beans-3.0.xsd, http://www.springframework.org/schema/cache/spring-cache-3.2.xsd=org/springframework/cache/config/spring-cache-3.2.xsd, http://www.springframework.org/schema/task/spring-task-3.0.xsd=org/springframework/scheduling/config/spring-task-3.0.xsd, http://www.springframework.org/schema/oxm/spring-oxm-3.2.xsd=org/springframework/oxm/config/spring-oxm-3.2.xsd, http://www.springframework.org/schema/tx/spring-tx-2.5.xsd=org/springframework/transaction/config/spring-tx-2.5.xsd, http://www.springframework.org/schema/context/spring-context-2.5.xsd=org/springframework/context/config/spring-context-2.5.xsd, http://www.springframework.org/schema/jdbc/spring-jdbc-3.0.xsd=org/springframework/jdbc/config/spring-jdbc-3.0.xsd, http://www.springframework.org/schema/jms/spring-jms-3.2.xsd=org/springframework/jms/config/spring-jms-3.2.xsd, http://www.springframework.org/schema/tool/spring-tool-3.0.xsd=org/springframework/beans/factory/xml/spring-tool-3.0.xsd, http://www.springframework.org/schema/tx/spring-tx.xsd=org/springframework/transaction/config/spring-tx-3.2.xsd, http://www.springframework.org/schema/lang/spring-lang.xsd=org/springframework/scripting/config/spring-lang-3.2.xsd, http://www.springframework.org/schema/tool/spring-tool-2.0.xsd=org/springframework/beans/factory/xml/spring-tool-2.0.xsd, http://www.springframework.org/schema/util/spring-util-2.5.xsd=org/springframework/beans/factory/xml/spring-util-2.5.xsd, http://www.springframework.org/schema/lang/spring-lang-2.5.xsd=org/springframework/scripting/config/spring-lang-2.5.xsd, http://www.springframework.org/schema/aop/spring-aop-3.2.xsd=org/springframework/aop/config/spring-aop-3.2.xsd, http://www.springframework.org/schema/jee/spring-jee-3.0.xsd=org/springframework/ejb/config/spring-jee-3.0.xsd, http://www.springframework.org/schema/tx/spring-tx-3.1.xsd=org/springframework/transaction/config/spring-tx-3.1.xsd, http://www.springframework.org/schema/jee/spring-jee-2.0.xsd=org/springframework/ejb/config/spring-jee-2.0.xsd, http://www.springframework.org/schema/context/spring-context-3.1.xsd=org/springframework/context/config/spring-context-3.1.xsd, http://www.springframework.org/schema/util/spring-util-3.1.xsd=org/springframework/beans/factory/xml/spring-util-3.1.xsd, http://www.springframework.org/schema/lang/spring-lang-3.1.xsd=org/springframework/scripting/config/spring-lang-3.1.xsd, http://www.springframework.org/schema/cache/spring-cache-3.1.xsd=org/springframework/cache/config/spring-cache-3.1.xsd, http://www.springframework.org/schema/context/spring-context.xsd=org/springframework/context/config/spring-context-3.2.xsd, http://www.springframework.org/schema/jee/spring-jee.xsd=org/springframework/ejb/config/spring-jee-3.2.xsd, http://www.springframework.org/schema/jms/spring-jms-2.5.xsd=org/springframework/jms/config/spring-jms-2.5.xsd, http://www.springframework.org/schema/jms/spring-jms.xsd=org/springframework/jms/config/spring-jms-3.2.xsd, http://www.springframework.org/schema/oxm/spring-oxm-3.1.xsd=org/springframework/oxm/config/spring-oxm-3.1.xsd, http://www.springframework.org/schema/aop/spring-aop-2.5.xsd=org/springframework/aop/config/spring-aop-2.5.xsd, http://www.springframework.org/schema/jms/spring-jms-3.1.xsd=org/springframework/jms/config/spring-jms-3.1.xsd, http://www.springframework.org/schema/mvc/spring-mvc.xsd=org/springframework/web/servlet/config/spring-mvc-3.2.xsd, http://www.springframework.org/schema/jdbc/spring-jdbc.xsd=org/springframework/jdbc/config/spring-jdbc-3.2.xsd, http://www.springframework.org/schema/mvc/spring-mvc-3.2.xsd=org/springframework/web/servlet/config/spring-mvc-3.2.xsd, http://www.springframework.org/schema/beans/spring-beans-3.2.xsd=org/springframework/beans/factory/xml/spring-beans-3.2.xsd, http://www.springframework.org/schema/tx/spring-tx-2.0.xsd=org/springframework/transaction/config/spring-tx-2.0.xsd, http://www.springframework.org/schema/aop/spring-aop-3.1.xsd=org/springframework/aop/config/spring-aop-3.1.xsd, http://www.springframework.org/schema/task/spring-task-3.2.xsd=org/springframework/scheduling/config/spring-task-3.2.xsd, http://www.springframework.org/schema/tx/spring-tx-3.0.xsd=org/springframework/transaction/config/spring-tx-3.0.xsd, http://www.springframework.org/schema/context/spring-context-3.0.xsd=org/springframework/context/config/spring-context-3.0.xsd, http://www.springframework.org/schema/tool/spring-tool.xsd=org/springframework/beans/factory/xml/spring-tool-3.2.xsd, http://www.springframework.org/schema/util/spring-util-3.0.xsd=org/springframework/beans/factory/xml/spring-util-3.0.xsd, http://www.springframework.org/schema/lang/spring-lang-3.0.xsd=org/springframework/scripting/config/spring-lang-3.0.xsd, http://www.springframework.org/schema/util/spring-util-2.0.xsd=org/springframework/beans/factory/xml/spring-util-2.0.xsd, http://www.springframework.org/schema/lang/spring-lang-2.0.xsd=org/springframework/scripting/config/spring-lang-2.0.xsd, http://www.springframework.org/schema/jdbc/spring-jdbc-3.2.xsd=org/springframework/jdbc/config/spring-jdbc-3.2.xsd, http://www.springframework.org/schema/tool/spring-tool-3.2.xsd=org/springframework/beans/factory/xml/spring-tool-3.2.xsd, http://www.springframework.org/schema/beans/spring-beans-2.5.xsd=org/springframework/beans/factory/xml/spring-beans-2.5.xsd}
2017-11-13 11:47:18 DEBUG PluggableSchemaResolver:118 - Found XML schema [http://www.springframework.org/schema/beans/spring-beans.xsd] in classpath: org/springframework/beans/factory/xml/spring-beans-3.2.xsd
2017-11-13 11:47:18 DEBUG PluggableSchemaResolver:118 - Found XML schema [http://www.springframework.org/schema/context/spring-context.xsd] in classpath: org/springframework/context/config/spring-context-3.2.xsd
2017-11-13 11:47:18 DEBUG PluggableSchemaResolver:118 - Found XML schema [http://www.springframework.org/schema/tool/spring-tool-3.2.xsd] in classpath: org/springframework/beans/factory/xml/spring-tool-3.2.xsd
2017-11-13 11:47:18 DEBUG DefaultBeanDefinitionDocumentReader:106 - Loading bean definitions
2017-11-13 11:47:18 DEBUG DefaultNamespaceHandlerResolver:156 - Loaded NamespaceHandler mappings: {http://www.springframework.org/schema/p=org.springframework.beans.factory.xml.SimplePropertyNamespaceHandler, http://www.springframework.org/schema/mvc=org.springframework.web.servlet.config.MvcNamespaceHandler, http://www.springframework.org/schema/util=org.springframework.beans.factory.xml.UtilNamespaceHandler, http://www.springframework.org/schema/jee=org.springframework.ejb.config.JeeNamespaceHandler, http://www.springframework.org/schema/aop=org.springframework.aop.config.AopNamespaceHandler, http://www.springframework.org/schema/jdbc=org.springframework.jdbc.config.JdbcNamespaceHandler, http://www.springframework.org/schema/oxm=org.springframework.oxm.config.OxmNamespaceHandler, http://www.springframework.org/schema/cache=org.springframework.cache.config.CacheNamespaceHandler, http://www.springframework.org/schema/c=org.springframework.beans.factory.xml.SimpleConstructorNamespaceHandler, http://www.springframework.org/schema/tx=org.springframework.transaction.config.TxNamespaceHandler, http://www.springframework.org/schema/jms=org.springframework.jms.config.JmsNamespaceHandler, http://www.springframework.org/schema/task=org.springframework.scheduling.config.TaskNamespaceHandler, http://www.springframework.org/schema/lang=org.springframework.scripting.config.LangNamespaceHandler, http://www.springframework.org/schema/context=org.springframework.context.config.ContextNamespaceHandler}
2017-11-13 11:47:18 DEBUG StandardEnvironment:112 - Initializing new StandardEnvironment
2017-11-13 11:47:18 DEBUG StandardEnvironment:107 - Adding [systemProperties] PropertySource with lowest search precedence
2017-11-13 11:47:18 DEBUG StandardEnvironment:107 - Adding [systemEnvironment] PropertySource with lowest search precedence
2017-11-13 11:47:18 DEBUG StandardEnvironment:116 - Initialized StandardEnvironment with PropertySources [systemProperties,systemEnvironment]
2017-11-13 11:47:18 DEBUG PathMatchingResourcePatternResolver:550 - Looking for matching resources in directory tree [/Users/said/Dropbox/Workspaces/plateform mql/mql2/target/classes/org/java/mql]
2017-11-13 11:47:18 DEBUG PathMatchingResourcePatternResolver:612 - Searching directory [/Users/said/Dropbox/Workspaces/plateform mql/mql2/target/classes/org/java/mql] for files matching pattern [/Users/said/Dropbox/Workspaces/plateform mql/mql2/target/classes/org/java/mql/**/*.class]
2017-11-13 11:47:18 DEBUG PathMatchingResourcePatternResolver:612 - Searching directory [/Users/said/Dropbox/Workspaces/plateform mql/mql2/target/classes/org/java/mql/business] for files matching pattern [/Users/said/Dropbox/Workspaces/plateform mql/mql2/target/classes/org/java/mql/**/*.class]
2017-11-13 11:47:18 DEBUG PathMatchingResourcePatternResolver:612 - Searching directory [/Users/said/Dropbox/Workspaces/plateform mql/mql2/target/classes/org/java/mql/dao] for files matching pattern [/Users/said/Dropbox/Workspaces/plateform mql/mql2/target/classes/org/java/mql/**/*.class]
2017-11-13 11:47:18 DEBUG PathMatchingResourcePatternResolver:612 - Searching directory [/Users/said/Dropbox/Workspaces/plateform mql/mql2/target/classes/org/java/mql/dao/hibernate] for files matching pattern [/Users/said/Dropbox/Workspaces/plateform mql/mql2/target/classes/org/java/mql/**/*.class]
2017-11-13 11:47:18 DEBUG PathMatchingResourcePatternResolver:612 - Searching directory [/Users/said/Dropbox/Workspaces/plateform mql/mql2/target/classes/org/java/mql/dao/hibernate/p1] for files matching pattern [/Users/said/Dropbox/Workspaces/plateform mql/mql2/target/classes/org/java/mql/**/*.class]
2017-11-13 11:47:18 DEBUG PathMatchingResourcePatternResolver:612 - Searching directory [/Users/said/Dropbox/Workspaces/plateform mql/mql2/target/classes/org/java/mql/dao/hibernate/p2] for files matching pattern [/Users/said/Dropbox/Workspaces/plateform mql/mql2/target/classes/org/java/mql/**/*.class]
2017-11-13 11:47:18 DEBUG PathMatchingResourcePatternResolver:612 - Searching directory [/Users/said/Dropbox/Workspaces/plateform mql/mql2/target/classes/org/java/mql/dao/p1] for files matching pattern [/Users/said/Dropbox/Workspaces/plateform mql/mql2/target/classes/org/java/mql/**/*.class]
2017-11-13 11:47:18 DEBUG PathMatchingResourcePatternResolver:612 - Searching directory [/Users/said/Dropbox/Workspaces/plateform mql/mql2/target/classes/org/java/mql/dao/p2] for files matching pattern [/Users/said/Dropbox/Workspaces/plateform mql/mql2/target/classes/org/java/mql/**/*.class]
2017-11-13 11:47:18 DEBUG PathMatchingResourcePatternResolver:612 - Searching directory [/Users/said/Dropbox/Workspaces/plateform mql/mql2/target/classes/org/java/mql/models] for files matching pattern [/Users/said/Dropbox/Workspaces/plateform mql/mql2/target/classes/org/java/mql/**/*.class]
2017-11-13 11:47:18 DEBUG PathMatchingResourcePatternResolver:612 - Searching directory [/Users/said/Dropbox/Workspaces/plateform mql/mql2/target/classes/org/java/mql/models/p01] for files matching pattern [/Users/said/Dropbox/Workspaces/plateform mql/mql2/target/classes/org/java/mql/**/*.class]
2017-11-13 11:47:18 DEBUG PathMatchingResourcePatternResolver:612 - Searching directory [/Users/said/Dropbox/Workspaces/plateform mql/mql2/target/classes/org/java/mql/models/p02] for files matching pattern [/Users/said/Dropbox/Workspaces/plateform mql/mql2/target/classes/org/java/mql/**/*.class]
2017-11-13 11:47:18 DEBUG PathMatchingResourcePatternResolver:612 - Searching directory [/Users/said/Dropbox/Workspaces/plateform mql/mql2/target/classes/org/java/mql/web] for files matching pattern [/Users/said/Dropbox/Workspaces/plateform mql/mql2/target/classes/org/java/mql/**/*.class]
2017-11-13 11:47:18 DEBUG PathMatchingResourcePatternResolver:612 - Searching directory [/Users/said/Dropbox/Workspaces/plateform mql/mql2/target/classes/org/java/mql/web/actions] for files matching pattern [/Users/said/Dropbox/Workspaces/plateform mql/mql2/target/classes/org/java/mql/**/*.class]
2017-11-13 11:47:18 DEBUG PathMatchingResourcePatternResolver:351 - Resolved location pattern [classpath*:org/java/mql/**/*.class] to resources [file [/Users/said/Dropbox/Workspaces/plateform mql/mql2/target/classes/org/java/mql/business/DefaultModule2Business.class], file [/Users/said/Dropbox/Workspaces/plateform mql/mql2/target/classes/org/java/mql/business/Module2Business.class], file [/Users/said/Dropbox/Workspaces/plateform mql/mql2/target/classes/org/java/mql/business/Test.class], file [/Users/said/Dropbox/Workspaces/plateform mql/mql2/target/classes/org/java/mql/dao/DaoMediator.class], file [/Users/said/Dropbox/Workspaces/plateform mql/mql2/target/classes/org/java/mql/dao/DaoMediatorService.class], file [/Users/said/Dropbox/Workspaces/plateform mql/mql2/target/classes/org/java/mql/dao/DAOservice.class], file [/Users/said/Dropbox/Workspaces/plateform mql/mql2/target/classes/org/java/mql/dao/hibernate/p1/AppMain.class], file [/Users/said/Dropbox/Workspaces/plateform mql/mql2/target/classes/org/java/mql/dao/hibernate/p1/HDefaultEnseignantDao.class], file [/Users/said/Dropbox/Workspaces/plateform mql/mql2/target/classes/org/java/mql/dao/hibernate/p1/HDefaultEtudiantDao.class], file [/Users/said/Dropbox/Workspaces/plateform mql/mql2/target/classes/org/java/mql/dao/hibernate/p1/HDefaultGroupeDao.class], file [/Users/said/Dropbox/Workspaces/plateform mql/mql2/target/classes/org/java/mql/dao/p1/DefaultEnsignantDao.class], file [/Users/said/Dropbox/Workspaces/plateform mql/mql2/target/classes/org/java/mql/dao/p1/DefaultEtudiantDao.class], file [/Users/said/Dropbox/Workspaces/plateform mql/mql2/target/classes/org/java/mql/dao/p1/DefaultTeamDao.class], file [/Users/said/Dropbox/Workspaces/plateform mql/mql2/target/classes/org/java/mql/dao/p1/EnsignantDao.class], file [/Users/said/Dropbox/Workspaces/plateform mql/mql2/target/classes/org/java/mql/dao/p1/EtudiantDao.class], file [/Users/said/Dropbox/Workspaces/plateform mql/mql2/target/classes/org/java/mql/dao/p1/TeamDao.class], file [/Users/said/Dropbox/Workspaces/plateform mql/mql2/target/classes/org/java/mql/dao/p2/DefaultFileDao.class], file [/Users/said/Dropbox/Workspaces/plateform mql/mql2/target/classes/org/java/mql/dao/p2/DefaultLiverableDao.class], file [/Users/said/Dropbox/Workspaces/plateform mql/mql2/target/classes/org/java/mql/dao/p2/DefaultMatiereDao.class], file [/Users/said/Dropbox/Workspaces/plateform mql/mql2/target/classes/org/java/mql/dao/p2/DefaultProjectDao.class], file [/Users/said/Dropbox/Workspaces/plateform mql/mql2/target/classes/org/java/mql/dao/p2/FileDao.class], file [/Users/said/Dropbox/Workspaces/plateform mql/mql2/target/classes/org/java/mql/dao/p2/LiverableDao.class], file [/Users/said/Dropbox/Workspaces/plateform mql/mql2/target/classes/org/java/mql/dao/p2/MatiereDao.class], file [/Users/said/Dropbox/Workspaces/plateform mql/mql2/target/classes/org/java/mql/dao/p2/ProjectDao.class], file [/Users/said/Dropbox/Workspaces/plateform mql/mql2/target/classes/org/java/mql/models/p01/Ensignant.class], file [/Users/said/Dropbox/Workspaces/plateform mql/mql2/target/classes/org/java/mql/models/p01/Etudiant.class], file [/Users/said/Dropbox/Workspaces/plateform mql/mql2/target/classes/org/java/mql/models/p01/Team.class], file [/Users/said/Dropbox/Workspaces/plateform mql/mql2/target/classes/org/java/mql/models/p02/AbstractFile.class], file [/Users/said/Dropbox/Workspaces/plateform mql/mql2/target/classes/org/java/mql/models/p02/Directory.class], file [/Users/said/Dropbox/Workspaces/plateform mql/mql2/target/classes/org/java/mql/models/p02/File.class], file [/Users/said/Dropbox/Workspaces/plateform mql/mql2/target/classes/org/java/mql/models/p02/Liverable.class], file [/Users/said/Dropbox/Workspaces/plateform mql/mql2/target/classes/org/java/mql/models/p02/Matiere.class], file [/Users/said/Dropbox/Workspaces/plateform mql/mql2/target/classes/org/java/mql/models/p02/Project.class], file [/Users/said/Dropbox/Workspaces/plateform mql/mql2/target/classes/org/java/mql/models/p02/Type.class], file [/Users/said/Dropbox/Workspaces/plateform mql/mql2/target/classes/org/java/mql/web/actions/EquipeAction.class]]
2017-11-13 11:47:18 DEBUG ClassPathBeanDefinitionScanner:273 - Identified candidate component class: file [/Users/said/Dropbox/Workspaces/plateform mql/mql2/target/classes/org/java/mql/business/DefaultModule2Business.class]
2017-11-13 11:47:18 DEBUG ClassPathBeanDefinitionScanner:273 - Identified candidate component class: file [/Users/said/Dropbox/Workspaces/plateform mql/mql2/target/classes/org/java/mql/dao/DaoMediator.class]
2017-11-13 11:47:18 DEBUG ClassPathBeanDefinitionScanner:273 - Identified candidate component class: file [/Users/said/Dropbox/Workspaces/plateform mql/mql2/target/classes/org/java/mql/dao/hibernate/p1/HDefaultEnseignantDao.class]
2017-11-13 11:47:18 DEBUG ClassPathBeanDefinitionScanner:273 - Identified candidate component class: file [/Users/said/Dropbox/Workspaces/plateform mql/mql2/target/classes/org/java/mql/dao/hibernate/p1/HDefaultEtudiantDao.class]
2017-11-13 11:47:18 DEBUG ClassPathBeanDefinitionScanner:279 - Ignored because not a concrete top-level class: file [/Users/said/Dropbox/Workspaces/plateform mql/mql2/target/classes/org/java/mql/dao/hibernate/p1/HDefaultGroupeDao.class]
2017-11-13 11:47:18 DEBUG ClassPathBeanDefinitionScanner:273 - Identified candidate component class: file [/Users/said/Dropbox/Workspaces/plateform mql/mql2/target/classes/org/java/mql/dao/p1/DefaultEnsignantDao.class]
2017-11-13 11:47:18 DEBUG ClassPathBeanDefinitionScanner:273 - Identified candidate component class: file [/Users/said/Dropbox/Workspaces/plateform mql/mql2/target/classes/org/java/mql/dao/p1/DefaultEtudiantDao.class]
2017-11-13 11:47:18 DEBUG ClassPathBeanDefinitionScanner:273 - Identified candidate component class: file [/Users/said/Dropbox/Workspaces/plateform mql/mql2/target/classes/org/java/mql/dao/p1/DefaultTeamDao.class]
2017-11-13 11:47:18 DEBUG ClassPathBeanDefinitionScanner:273 - Identified candidate component class: file [/Users/said/Dropbox/Workspaces/plateform mql/mql2/target/classes/org/java/mql/dao/p2/DefaultFileDao.class]
2017-11-13 11:47:18 DEBUG ClassPathBeanDefinitionScanner:273 - Identified candidate component class: file [/Users/said/Dropbox/Workspaces/plateform mql/mql2/target/classes/org/java/mql/dao/p2/DefaultLiverableDao.class]
2017-11-13 11:47:18 DEBUG ClassPathBeanDefinitionScanner:273 - Identified candidate component class: file [/Users/said/Dropbox/Workspaces/plateform mql/mql2/target/classes/org/java/mql/dao/p2/DefaultMatiereDao.class]
2017-11-13 11:47:18 DEBUG ClassPathBeanDefinitionScanner:273 - Identified candidate component class: file [/Users/said/Dropbox/Workspaces/plateform mql/mql2/target/classes/org/java/mql/dao/p2/DefaultProjectDao.class]
2017-11-13 11:47:19 DEBUG XmlBeanDefinitionReader:216 - Loaded 16 bean definitions from location pattern [ApplicationConext.xml]
2017-11-13 11:47:19 DEBUG ClassPathXmlApplicationContext:540 - Bean factory for org.springframework.context.support.ClassPathXmlApplicationContext@5e265ba4: org.springframework.beans.factory.support.DefaultListableBeanFactory@7b49cea0: defining beans [defaultModule2Business,daoMediator,hibernateEn,hibernateEt,defaultEn,defaultEt,defaultTe,defaultFi,defaultLi,defaultMa,defaultPr,org.springframework.context.annotation.internalConfigurationAnnotationProcessor,org.springframework.context.annotation.internalAutowiredAnnotationProcessor,org.springframework.context.annotation.internalRequiredAnnotationProcessor,org.springframework.context.annotation.internalCommonAnnotationProcessor,org.springframework.context.annotation.internalPersistenceAnnotationProcessor]; root of factory hierarchy
2017-11-13 11:47:19 DEBUG DefaultListableBeanFactory:215 - Creating shared instance of singleton bean 'org.springframework.context.annotation.internalConfigurationAnnotationProcessor'
2017-11-13 11:47:19 DEBUG DefaultListableBeanFactory:432 - Creating instance of bean 'org.springframework.context.annotation.internalConfigurationAnnotationProcessor'
2017-11-13 11:47:19 DEBUG DefaultListableBeanFactory:506 - Eagerly caching bean 'org.springframework.context.annotation.internalConfigurationAnnotationProcessor' to allow for resolving potential circular references
2017-11-13 11:47:19 DEBUG DefaultListableBeanFactory:460 - Finished creating instance of bean 'org.springframework.context.annotation.internalConfigurationAnnotationProcessor'
2017-11-13 11:47:19 DEBUG DefaultListableBeanFactory:215 - Creating shared instance of singleton bean 'org.springframework.context.annotation.internalAutowiredAnnotationProcessor'
2017-11-13 11:47:19 DEBUG DefaultListableBeanFactory:432 - Creating instance of bean 'org.springframework.context.annotation.internalAutowiredAnnotationProcessor'
2017-11-13 11:47:19 DEBUG DefaultListableBeanFactory:506 - Eagerly caching bean 'org.springframework.context.annotation.internalAutowiredAnnotationProcessor' to allow for resolving potential circular references
2017-11-13 11:47:19 DEBUG DefaultListableBeanFactory:460 - Finished creating instance of bean 'org.springframework.context.annotation.internalAutowiredAnnotationProcessor'
2017-11-13 11:47:19 DEBUG DefaultListableBeanFactory:215 - Creating shared instance of singleton bean 'org.springframework.context.annotation.internalRequiredAnnotationProcessor'
2017-11-13 11:47:19 DEBUG DefaultListableBeanFactory:432 - Creating instance of bean 'org.springframework.context.annotation.internalRequiredAnnotationProcessor'
2017-11-13 11:47:19 DEBUG DefaultListableBeanFactory:506 - Eagerly caching bean 'org.springframework.context.annotation.internalRequiredAnnotationProcessor' to allow for resolving potential circular references
2017-11-13 11:47:19 DEBUG DefaultListableBeanFactory:460 - Finished creating instance of bean 'org.springframework.context.annotation.internalRequiredAnnotationProcessor'
2017-11-13 11:47:19 DEBUG DefaultListableBeanFactory:215 - Creating shared instance of singleton bean 'org.springframework.context.annotation.internalCommonAnnotationProcessor'
2017-11-13 11:47:19 DEBUG DefaultListableBeanFactory:432 - Creating instance of bean 'org.springframework.context.annotation.internalCommonAnnotationProcessor'
2017-11-13 11:47:19 DEBUG DefaultListableBeanFactory:506 - Eagerly caching bean 'org.springframework.context.annotation.internalCommonAnnotationProcessor' to allow for resolving potential circular references
2017-11-13 11:47:19 DEBUG DefaultListableBeanFactory:460 - Finished creating instance of bean 'org.springframework.context.annotation.internalCommonAnnotationProcessor'
2017-11-13 11:47:19 DEBUG DefaultListableBeanFactory:215 - Creating shared instance of singleton bean 'org.springframework.context.annotation.internalPersistenceAnnotationProcessor'
2017-11-13 11:47:19 DEBUG DefaultListableBeanFactory:432 - Creating instance of bean 'org.springframework.context.annotation.internalPersistenceAnnotationProcessor'
2017-11-13 11:47:19 DEBUG DefaultListableBeanFactory:506 - Eagerly caching bean 'org.springframework.context.annotation.internalPersistenceAnnotationProcessor' to allow for resolving potential circular references
2017-11-13 11:47:19 DEBUG DefaultListableBeanFactory:460 - Finished creating instance of bean 'org.springframework.context.annotation.internalPersistenceAnnotationProcessor'
2017-11-13 11:47:19 DEBUG DefaultListableBeanFactory:215 - Creating shared instance of singleton bean 'org.springframework.context.annotation.ConfigurationClassPostProcessor.importAwareProcessor'
2017-11-13 11:47:19 DEBUG DefaultListableBeanFactory:432 - Creating instance of bean 'org.springframework.context.annotation.ConfigurationClassPostProcessor.importAwareProcessor'
2017-11-13 11:47:19 DEBUG DefaultListableBeanFactory:506 - Eagerly caching bean 'org.springframework.context.annotation.ConfigurationClassPostProcessor.importAwareProcessor' to allow for resolving potential circular references
2017-11-13 11:47:19 DEBUG DefaultListableBeanFactory:460 - Finished creating instance of bean 'org.springframework.context.annotation.ConfigurationClassPostProcessor.importAwareProcessor'
2017-11-13 11:47:19 DEBUG ClassPathXmlApplicationContext:807 - Unable to locate MessageSource with name 'messageSource': using default [org.springframework.context.support.DelegatingMessageSource@b7dd107]
2017-11-13 11:47:19 DEBUG ClassPathXmlApplicationContext:831 - Unable to locate ApplicationEventMulticaster with name 'applicationEventMulticaster': using default [org.springframework.context.event.SimpleApplicationEventMulticaster@7a30d1e6]
2017-11-13 11:47:19 INFO  DefaultListableBeanFactory:596 - Pre-instantiating singletons in org.springframework.beans.factory.support.DefaultListableBeanFactory@7b49cea0: defining beans [defaultModule2Business,daoMediator,hibernateEn,hibernateEt,defaultEn,defaultEt,defaultTe,defaultFi,defaultLi,defaultMa,defaultPr,org.springframework.context.annotation.internalConfigurationAnnotationProcessor,org.springframework.context.annotation.internalAutowiredAnnotationProcessor,org.springframework.context.annotation.internalRequiredAnnotationProcessor,org.springframework.context.annotation.internalCommonAnnotationProcessor,org.springframework.context.annotation.internalPersistenceAnnotationProcessor,org.springframework.context.annotation.ConfigurationClassPostProcessor.importAwareProcessor]; root of factory hierarchy
2017-11-13 11:47:19 DEBUG DefaultListableBeanFactory:215 - Creating shared instance of singleton bean 'defaultModule2Business'
2017-11-13 11:47:19 DEBUG DefaultListableBeanFactory:432 - Creating instance of bean 'defaultModule2Business'
2017-11-13 11:47:19 DEBUG InjectionMetadata:71 - Registered injected element on class [org.java.mql.business.DefaultModule2Business]: AutowiredFieldElement for private org.java.mql.dao.DaoMediator org.java.mql.business.DefaultModule2Business.daoMediator
2017-11-13 11:47:19 DEBUG DefaultListableBeanFactory:506 - Eagerly caching bean 'defaultModule2Business' to allow for resolving potential circular references
2017-11-13 11:47:19 DEBUG InjectionMetadata:85 - Processing injected method of bean 'defaultModule2Business': AutowiredFieldElement for private org.java.mql.dao.DaoMediator org.java.mql.business.DefaultModule2Business.daoMediator
2017-11-13 11:47:19 DEBUG DefaultListableBeanFactory:215 - Creating shared instance of singleton bean 'daoMediator'
2017-11-13 11:47:19 DEBUG DefaultListableBeanFactory:432 - Creating instance of bean 'daoMediator'
2017-11-13 11:47:19 DEBUG InjectionMetadata:71 - Registered injected element on class [org.java.mql.dao.DaoMediator]: AutowiredMethodElement for public void org.java.mql.dao.DaoMediator.setEnsignantDao(org.java.mql.dao.p1.EnsignantDao)
2017-11-13 11:47:19 DEBUG InjectionMetadata:71 - Registered injected element on class [org.java.mql.dao.DaoMediator]: AutowiredMethodElement for public void org.java.mql.dao.DaoMediator.setEtudiantDao(org.java.mql.dao.p1.EtudiantDao)
2017-11-13 11:47:19 DEBUG InjectionMetadata:71 - Registered injected element on class [org.java.mql.dao.DaoMediator]: AutowiredMethodElement for public void org.java.mql.dao.DaoMediator.setTeamDao(org.java.mql.dao.p1.TeamDao)
2017-11-13 11:47:19 DEBUG InjectionMetadata:71 - Registered injected element on class [org.java.mql.dao.DaoMediator]: AutowiredMethodElement for public void org.java.mql.dao.DaoMediator.setFileDao(org.java.mql.dao.p2.FileDao)
2017-11-13 11:47:19 DEBUG InjectionMetadata:71 - Registered injected element on class [org.java.mql.dao.DaoMediator]: AutowiredMethodElement for public void org.java.mql.dao.DaoMediator.setLiverableDao(org.java.mql.dao.p2.LiverableDao)
2017-11-13 11:47:19 DEBUG InjectionMetadata:71 - Registered injected element on class [org.java.mql.dao.DaoMediator]: AutowiredMethodElement for public void org.java.mql.dao.DaoMediator.setMatiereDao(org.java.mql.dao.p2.MatiereDao)
2017-11-13 11:47:19 DEBUG InjectionMetadata:71 - Registered injected element on class [org.java.mql.dao.DaoMediator]: AutowiredMethodElement for public void org.java.mql.dao.DaoMediator.setProjectDao(org.java.mql.dao.p2.ProjectDao)
2017-11-13 11:47:19 DEBUG DefaultListableBeanFactory:506 - Eagerly caching bean 'daoMediator' to allow for resolving potential circular references
2017-11-13 11:47:19 DEBUG InjectionMetadata:85 - Processing injected method of bean 'daoMediator': AutowiredMethodElement for public void org.java.mql.dao.DaoMediator.setEnsignantDao(org.java.mql.dao.p1.EnsignantDao)
2017-11-13 11:47:19 DEBUG DefaultListableBeanFactory:215 - Creating shared instance of singleton bean 'defaultEn'
2017-11-13 11:47:19 DEBUG DefaultListableBeanFactory:432 - Creating instance of bean 'defaultEn'
2017-11-13 11:47:19 DEBUG DefaultListableBeanFactory:506 - Eagerly caching bean 'defaultEn' to allow for resolving potential circular references
2017-11-13 11:47:19 DEBUG DefaultListableBeanFactory:460 - Finished creating instance of bean 'defaultEn'
2017-11-13 11:47:19 DEBUG AutowiredAnnotationBeanPostProcessor:433 - Autowiring by type from bean name 'daoMediator' to bean named 'defaultEn'
2017-11-13 11:47:19 DEBUG InjectionMetadata:85 - Processing injected method of bean 'daoMediator': AutowiredMethodElement for public void org.java.mql.dao.DaoMediator.setEtudiantDao(org.java.mql.dao.p1.EtudiantDao)
2017-11-13 11:47:19 DEBUG DefaultListableBeanFactory:215 - Creating shared instance of singleton bean 'defaultEt'
2017-11-13 11:47:19 DEBUG DefaultListableBeanFactory:432 - Creating instance of bean 'defaultEt'
2017-11-13 11:47:19 DEBUG DefaultListableBeanFactory:506 - Eagerly caching bean 'defaultEt' to allow for resolving potential circular references
2017-11-13 11:47:19 DEBUG DefaultListableBeanFactory:460 - Finished creating instance of bean 'defaultEt'
2017-11-13 11:47:19 DEBUG AutowiredAnnotationBeanPostProcessor:433 - Autowiring by type from bean name 'daoMediator' to bean named 'defaultEt'
2017-11-13 11:47:19 DEBUG InjectionMetadata:85 - Processing injected method of bean 'daoMediator': AutowiredMethodElement for public void org.java.mql.dao.DaoMediator.setTeamDao(org.java.mql.dao.p1.TeamDao)
2017-11-13 11:47:19 DEBUG DefaultListableBeanFactory:215 - Creating shared instance of singleton bean 'defaultTe'
2017-11-13 11:47:19 DEBUG DefaultListableBeanFactory:432 - Creating instance of bean 'defaultTe'
2017-11-13 11:47:19 DEBUG DefaultListableBeanFactory:506 - Eagerly caching bean 'defaultTe' to allow for resolving potential circular references
2017-11-13 11:47:19 DEBUG DefaultListableBeanFactory:460 - Finished creating instance of bean 'defaultTe'
2017-11-13 11:47:19 DEBUG AutowiredAnnotationBeanPostProcessor:433 - Autowiring by type from bean name 'daoMediator' to bean named 'defaultTe'
2017-11-13 11:47:19 DEBUG InjectionMetadata:85 - Processing injected method of bean 'daoMediator': AutowiredMethodElement for public void org.java.mql.dao.DaoMediator.setFileDao(org.java.mql.dao.p2.FileDao)
2017-11-13 11:47:19 DEBUG DefaultListableBeanFactory:215 - Creating shared instance of singleton bean 'defaultFi'
2017-11-13 11:47:19 DEBUG DefaultListableBeanFactory:432 - Creating instance of bean 'defaultFi'
2017-11-13 11:47:19 DEBUG DefaultListableBeanFactory:506 - Eagerly caching bean 'defaultFi' to allow for resolving potential circular references
2017-11-13 11:47:19 DEBUG DefaultListableBeanFactory:460 - Finished creating instance of bean 'defaultFi'
2017-11-13 11:47:19 DEBUG AutowiredAnnotationBeanPostProcessor:433 - Autowiring by type from bean name 'daoMediator' to bean named 'defaultFi'
2017-11-13 11:47:19 DEBUG InjectionMetadata:85 - Processing injected method of bean 'daoMediator': AutowiredMethodElement for public void org.java.mql.dao.DaoMediator.setLiverableDao(org.java.mql.dao.p2.LiverableDao)
2017-11-13 11:47:19 DEBUG DefaultListableBeanFactory:215 - Creating shared instance of singleton bean 'defaultLi'
2017-11-13 11:47:19 DEBUG DefaultListableBeanFactory:432 - Creating instance of bean 'defaultLi'
2017-11-13 11:47:19 DEBUG DefaultListableBeanFactory:506 - Eagerly caching bean 'defaultLi' to allow for resolving potential circular references
2017-11-13 11:47:19 DEBUG DefaultListableBeanFactory:460 - Finished creating instance of bean 'defaultLi'
2017-11-13 11:47:19 DEBUG AutowiredAnnotationBeanPostProcessor:433 - Autowiring by type from bean name 'daoMediator' to bean named 'defaultLi'
2017-11-13 11:47:19 DEBUG InjectionMetadata:85 - Processing injected method of bean 'daoMediator': AutowiredMethodElement for public void org.java.mql.dao.DaoMediator.setMatiereDao(org.java.mql.dao.p2.MatiereDao)
2017-11-13 11:47:19 DEBUG DefaultListableBeanFactory:215 - Creating shared instance of singleton bean 'defaultMa'
2017-11-13 11:47:19 DEBUG DefaultListableBeanFactory:432 - Creating instance of bean 'defaultMa'
2017-11-13 11:47:19 DEBUG DefaultListableBeanFactory:506 - Eagerly caching bean 'defaultMa' to allow for resolving potential circular references
2017-11-13 11:47:19 DEBUG DefaultListableBeanFactory:460 - Finished creating instance of bean 'defaultMa'
2017-11-13 11:47:19 DEBUG AutowiredAnnotationBeanPostProcessor:433 - Autowiring by type from bean name 'daoMediator' to bean named 'defaultMa'
2017-11-13 11:47:19 DEBUG InjectionMetadata:85 - Processing injected method of bean 'daoMediator': AutowiredMethodElement for public void org.java.mql.dao.DaoMediator.setProjectDao(org.java.mql.dao.p2.ProjectDao)
2017-11-13 11:47:19 DEBUG DefaultListableBeanFactory:215 - Creating shared instance of singleton bean 'defaultPr'
2017-11-13 11:47:19 DEBUG DefaultListableBeanFactory:432 - Creating instance of bean 'defaultPr'
2017-11-13 11:47:19 DEBUG DefaultListableBeanFactory:506 - Eagerly caching bean 'defaultPr' to allow for resolving potential circular references
2017-11-13 11:47:19 DEBUG DefaultListableBeanFactory:460 - Finished creating instance of bean 'defaultPr'
2017-11-13 11:47:19 DEBUG AutowiredAnnotationBeanPostProcessor:433 - Autowiring by type from bean name 'daoMediator' to bean named 'defaultPr'
2017-11-13 11:47:19 DEBUG DefaultListableBeanFactory:460 - Finished creating instance of bean 'daoMediator'
2017-11-13 11:47:19 DEBUG AutowiredAnnotationBeanPostProcessor:433 - Autowiring by type from bean name 'defaultModule2Business' to bean named 'daoMediator'
2017-11-13 11:47:19 DEBUG DefaultListableBeanFactory:460 - Finished creating instance of bean 'defaultModule2Business'
2017-11-13 11:47:19 DEBUG DefaultListableBeanFactory:246 - Returning cached instance of singleton bean 'daoMediator'
2017-11-13 11:47:19 DEBUG DefaultListableBeanFactory:215 - Creating shared instance of singleton bean 'hibernateEn'
2017-11-13 11:47:19 DEBUG DefaultListableBeanFactory:432 - Creating instance of bean 'hibernateEn'
2017-11-13 11:47:19 DEBUG DefaultListableBeanFactory:506 - Eagerly caching bean 'hibernateEn' to allow for resolving potential circular references
2017-11-13 11:47:19 DEBUG DefaultListableBeanFactory:460 - Finished creating instance of bean 'hibernateEn'
2017-11-13 11:47:19 DEBUG DefaultListableBeanFactory:215 - Creating shared instance of singleton bean 'hibernateEt'
2017-11-13 11:47:19 DEBUG DefaultListableBeanFactory:432 - Creating instance of bean 'hibernateEt'
2017-11-13 11:47:19 DEBUG DefaultListableBeanFactory:506 - Eagerly caching bean 'hibernateEt' to allow for resolving potential circular references
2017-11-13 11:47:19 DEBUG DefaultListableBeanFactory:460 - Finished creating instance of bean 'hibernateEt'
2017-11-13 11:47:19 DEBUG DefaultListableBeanFactory:246 - Returning cached instance of singleton bean 'defaultEn'
2017-11-13 11:47:19 DEBUG DefaultListableBeanFactory:246 - Returning cached instance of singleton bean 'defaultEt'
2017-11-13 11:47:19 DEBUG DefaultListableBeanFactory:246 - Returning cached instance of singleton bean 'defaultTe'
2017-11-13 11:47:19 DEBUG DefaultListableBeanFactory:246 - Returning cached instance of singleton bean 'defaultFi'
2017-11-13 11:47:19 DEBUG DefaultListableBeanFactory:246 - Returning cached instance of singleton bean 'defaultLi'
2017-11-13 11:47:19 DEBUG DefaultListableBeanFactory:246 - Returning cached instance of singleton bean 'defaultMa'
2017-11-13 11:47:19 DEBUG DefaultListableBeanFactory:246 - Returning cached instance of singleton bean 'defaultPr'
2017-11-13 11:47:19 DEBUG DefaultListableBeanFactory:246 - Returning cached instance of singleton bean 'org.springframework.context.annotation.internalConfigurationAnnotationProcessor'
2017-11-13 11:47:19 DEBUG DefaultListableBeanFactory:246 - Returning cached instance of singleton bean 'org.springframework.context.annotation.internalAutowiredAnnotationProcessor'
2017-11-13 11:47:19 DEBUG DefaultListableBeanFactory:246 - Returning cached instance of singleton bean 'org.springframework.context.annotation.internalRequiredAnnotationProcessor'
2017-11-13 11:47:19 DEBUG DefaultListableBeanFactory:246 - Returning cached instance of singleton bean 'org.springframework.context.annotation.internalCommonAnnotationProcessor'
2017-11-13 11:47:19 DEBUG DefaultListableBeanFactory:246 - Returning cached instance of singleton bean 'org.springframework.context.annotation.internalPersistenceAnnotationProcessor'
2017-11-13 11:47:19 DEBUG DefaultListableBeanFactory:246 - Returning cached instance of singleton bean 'org.springframework.context.annotation.ConfigurationClassPostProcessor.importAwareProcessor'
2017-11-13 11:47:19 DEBUG ClassPathXmlApplicationContext:858 - Unable to locate LifecycleProcessor with name 'lifecycleProcessor': using default [org.springframework.context.support.DefaultLifecycleProcessor@4ae82894]
2017-11-13 11:47:19 DEBUG DefaultListableBeanFactory:246 - Returning cached instance of singleton bean 'lifecycleProcessor'
2017-11-13 11:47:19 DEBUG PropertySourcesPropertyResolver:72 - Searching for key 'spring.liveBeansView.mbeanDomain' in [systemProperties]
2017-11-13 11:47:19 DEBUG PropertySourcesPropertyResolver:72 - Searching for key 'spring.liveBeansView.mbeanDomain' in [systemEnvironment]
2017-11-13 11:47:19 DEBUG PropertySourcesPropertyResolver:94 - Could not find key 'spring.liveBeansView.mbeanDomain' in any property source. Returning [null]
2017-11-13 11:47:19 DEBUG DefaultListableBeanFactory:246 - Returning cached instance of singleton bean 'defaultModule2Business'
2017-11-13 11:47:19 INFO  DefaultModule2Business:37 - team with id=9 added  with success
2017-11-13 11:47:19 INFO  DefaultModule2Business:54 - team with id=4 deleted  with success
2017-11-13 11:47:19 INFO  ClassPathXmlApplicationContext:1042 - Closing org.springframework.context.support.ClassPathXmlApplicationContext@5e265ba4: startup date [Mon Nov 13 11:47:18 WET 2017]; root of context hierarchy
2017-11-13 11:47:19 DEBUG DefaultListableBeanFactory:246 - Returning cached instance of singleton bean 'lifecycleProcessor'
2017-11-13 11:47:19 INFO  DefaultListableBeanFactory:444 - Destroying singletons in org.springframework.beans.factory.support.DefaultListableBeanFactory@7b49cea0: defining beans [defaultModule2Business,daoMediator,hibernateEn,hibernateEt,defaultEn,defaultEt,defaultTe,defaultFi,defaultLi,defaultMa,defaultPr,org.springframework.context.annotation.internalConfigurationAnnotationProcessor,org.springframework.context.annotation.internalAutowiredAnnotationProcessor,org.springframework.context.annotation.internalRequiredAnnotationProcessor,org.springframework.context.annotation.internalCommonAnnotationProcessor,org.springframework.context.annotation.internalPersistenceAnnotationProcessor,org.springframework.context.annotation.ConfigurationClassPostProcessor.importAwareProcessor]; root of factory hierarchy
